<?xml version="1.0" encoding="UTF-8"?>
<!-- Generated by org.testng.reporters.JUnitReportReporter -->
<testsuite hostname="PAVANKARPE" failures="0" tests="1" name="testing23.Findelement" time="1.715" errors="0" timestamp="2023-06-07T17:20:48 IST" skipped="0">
  <testcase classname="testing23.Findelement" name="test" time="1.715"/>
  <system-out>
    <![CDATA[Test Pass::  Primus Bank  Primus Bank]]>
  </system-out>
</testsuite> <!-- testing23.Findelement -->
